Xemotion/OpenCV-4.10.0/build/outputs/logs/manifest-merger-release-report.txt
-- Merging decision tree log ---
manifest
ADDED from OpenCV-4.10.0\java\AndroidManifest.xml:2:1-4:12
INJECTED from OpenCV-4.10.0\java\AndroidManifest.xml:2:1-4:12
	package
		ADDED from OpenCV-4.10.0\java\AndroidManifest.xml:3:7-27
		INJECTED from OpenCV-4.10.0\java\AndroidManifest.xml
	xmlns:android
		ADDED from OpenCV-4.10.0\java\AndroidManifest.xml:2:11-69
uses-sdk
INJECTED from OpenCV-4.10.0\java\AndroidManifest.xml reason: use-sdk injection requested
INJECTED from OpenCV-4.10.0\java\AndroidManifest.xml
INJECTED from OpenCV-4.10.0\java\AndroidManifest.xml
	android:targetSdkVersion
		INJECTED from OpenCV-4.10.0\java\AndroidManifest.xml
	android:minSdkVersion
		INJECTED from OpenCV-4.10.0\java\AndroidManifest.xml